INFO:     Started server process [41761]
INFO:     Waiting for application startup.
INFO:     Application startup complete.
INFO:     Uvicorn running on http://127.0.0.1:8000 (Press CTRL+C to quit)
INFO:     127.0.0.1:51386 - "GET /api/trips/ HTTP/1.0" 200 OK
INFO:     127.0.0.1:51394 - "GET /api/trips/58bdccea-369e-4bbf-8861-d62c3be70bca HTTP/1.0" 200 OK
INFO:     127.0.0.1:50770 - "DELETE /api/segments/81a3a9bb-6930-4419-9d23-e3d053fad6f4 HTTP/1.0" 204 No Content
INFO:     127.0.0.1:50780 - "GET /api/trips/58bdccea-369e-4bbf-8861-d62c3be70bca HTTP/1.0" 200 OK
INFO:     127.0.0.1:40576 - "POST /api/parse/dialog HTTP/1.0" 200 OK
INFO:     127.0.0.1:40362 - "POST /api/parse/dialog HTTP/1.0" 200 OK
INFO:     127.0.0.1:54382 - "POST /api/parse/dialog/confirm HTTP/1.0" 201 Created
INFO:     127.0.0.1:54390 - "GET /api/trips/58bdccea-369e-4bbf-8861-d62c3be70bca HTTP/1.0" 200 OK
INFO:     127.0.0.1:41268 - "POST /api/segments/a88b686e-5127-4b11-8d6c-fd97c257de67/enrich?token=d5f9e9b215da795ef927a399c3eba355 HTTP/1.0" 200 OK
INFO:     127.0.0.1:41274 - "GET /api/trips/58bdccea-369e-4bbf-8861-d62c3be70bca HTTP/1.0" 200 OK
INFO:     Shutting down
INFO:     Waiting for application shutdown.
INFO:     Application shutdown complete.
INFO:     Finished server process [41761]
INFO:     Started server process [98368]
INFO:     Waiting for application startup.
INFO:     Application startup complete.
INFO:     Uvicorn running on http://127.0.0.1:8000 (Press CTRL+C to quit)
INFO:     Shutting down
INFO:     Waiting for application shutdown.
INFO:     Application shutdown complete.
INFO:     Finished server process [98368]
INFO:     Started server process [109117]
INFO:     Waiting for application startup.
INFO:     Application startup complete.
INFO:     Uvicorn running on http://127.0.0.1:8000 (Press CTRL+C to quit)
INFO:     127.0.0.1:46584 - "GET /api/trips/ HTTP/1.0" 200 OK
INFO:     127.0.0.1:46600 - "GET /api/trips/58bdccea-369e-4bbf-8861-d62c3be70bca HTTP/1.0" 200 OK
INFO:     Shutting down
INFO:     Waiting for application shutdown.
INFO:     Application shutdown complete.
INFO:     Finished server process [109117]
INFO:     Started server process [110811]
INFO:     Waiting for application startup.
INFO:     Application startup complete.
INFO:     Uvicorn running on http://127.0.0.1:8000 (Press CTRL+C to quit)
INFO:     127.0.0.1:57324 - "GET /api/trips/ HTTP/1.0" 200 OK
INFO:     127.0.0.1:57332 - "GET /api/trips/58bdccea-369e-4bbf-8861-d62c3be70bca HTTP/1.0" 200 OK
INFO:     127.0.0.1:45384 - "POST /api/parse/assist/edit?token=d5f9e9b215da795ef927a399c3eba355 HTTP/1.0" 200 OK
INFO:     127.0.0.1:34890 - "POST /api/parse/assist/edit?token=d5f9e9b215da795ef927a399c3eba355 HTTP/1.0" 200 OK
INFO:     127.0.0.1:38128 - "POST /api/parse/assist/edit?token=d5f9e9b215da795ef927a399c3eba355 HTTP/1.0" 200 OK
INFO:     Shutting down
INFO:     Waiting for application shutdown.
INFO:     Application shutdown complete.
INFO:     Finished server process [110811]
INFO:     Started server process [112315]
INFO:     Waiting for application startup.
INFO:     Application startup complete.
INFO:     Uvicorn running on http://127.0.0.1:8000 (Press CTRL+C to quit)
INFO:     Shutting down
INFO:     Waiting for application shutdown.
INFO:     Application shutdown complete.
INFO:     Finished server process [112315]
INFO:     Started server process [112823]
INFO:     Waiting for application startup.
INFO:     Application startup complete.
INFO:     Uvicorn running on http://127.0.0.1:8000 (Press CTRL+C to quit)
INFO:     Shutting down
INFO:     Waiting for application shutdown.
INFO:     Application shutdown complete.
INFO:     Finished server process [112823]
INFO:     Started server process [112976]
INFO:     Waiting for application startup.
INFO:     Application startup complete.
INFO:     Uvicorn running on http://127.0.0.1:8000 (Press CTRL+C to quit)
INFO:     127.0.0.1:35222 - "GET /api/trips/ HTTP/1.0" 200 OK
INFO:     127.0.0.1:35228 - "GET /api/trips/58bdccea-369e-4bbf-8861-d62c3be70bca HTTP/1.0" 200 OK
INFO:     Shutting down
INFO:     Waiting for application shutdown.
INFO:     Application shutdown complete.
INFO:     Finished server process [112976]
INFO:     Started server process [114789]
INFO:     Waiting for application startup.
INFO:     Application startup complete.
INFO:     Uvicorn running on http://127.0.0.1:8000 (Press CTRL+C to quit)
INFO:     Shutting down
INFO:     Waiting for application shutdown.
INFO:     Application shutdown complete.
INFO:     Finished server process [114789]
INFO:     Started server process [115012]
INFO:     Waiting for application startup.
INFO:     Application startup complete.
INFO:     Uvicorn running on http://127.0.0.1:8000 (Press CTRL+C to quit)
INFO:     127.0.0.1:52376 - "GET /api/trips?token=d5f9e9b215da795ef927a399c3eba355 HTTP/1.1" 404 Not Found
INFO:     127.0.0.1:52390 - "GET /api/trips/ HTTP/1.1" 200 OK
INFO:     127.0.0.1:60406 - "GET /api/trips/ HTTP/1.1" 200 OK
INFO:     127.0.0.1:60412 - "GET /api/trips/ HTTP/1.1" 200 OK
INFO:     127.0.0.1:60068 - "GET /api/trips/ HTTP/1.1" 200 OK
INFO:     127.0.0.1:41706 - "GET /api/trips/ HTTP/1.1" 200 OK
INFO:     Shutting down
INFO:     Waiting for application shutdown.
INFO:     Application shutdown complete.
INFO:     Finished server process [115012]
INFO:     Started server process [157364]
INFO:     Waiting for application startup.
INFO:     Application startup complete.
INFO:     Uvicorn running on http://127.0.0.1:8000 (Press CTRL+C to quit)
INFO:     127.0.0.1:41548 - "GET /api/trips/ HTTP/1.0" 200 OK
INFO:     127.0.0.1:41550 - "GET /api/trips/58bdccea-369e-4bbf-8861-d62c3be70bca HTTP/1.0" 200 OK
INFO:     127.0.0.1:54326 - "GET /api/trips/636ad116-4426-45e8-bb44-cbbf9c89f743 HTTP/1.0" 200 OK
INFO:     127.0.0.1:41612 - "GET /api/trips/58bdccea-369e-4bbf-8861-d62c3be70bca HTTP/1.0" 200 OK
INFO:     Shutting down
INFO:     Waiting for application shutdown.
INFO:     Application shutdown complete.
INFO:     Finished server process [157364]
Traceback (most recent call last):
  File "/home/eduardo/waypoint/venv/bin/uvicorn", line 8, in <module>
    sys.exit(main())
             ^^^^^^
  File "/home/eduardo/waypoint/venv/lib/python3.12/site-packages/click/core.py", line 1514, in __call__
    return self.main(*args, **kwargs)
           ^^^^^^^^^^^^^^^^^^^^^^^^^^
  File "/home/eduardo/waypoint/venv/lib/python3.12/site-packages/click/core.py", line 1435, in main
    rv = self.invoke(ctx)
         ^^^^^^^^^^^^^^^^
  File "/home/eduardo/waypoint/venv/lib/python3.12/site-packages/click/core.py", line 1298, in invoke
    return ctx.invoke(self.callback, **ctx.params)
           ^^^^^^^^^^^^^^^^^^^^^^^^^^^^^^^^^^^^^^^
  File "/home/eduardo/waypoint/venv/lib/python3.12/site-packages/click/core.py", line 853, in invoke
    return callback(*args, **kwargs)
           ^^^^^^^^^^^^^^^^^^^^^^^^^
  File "/home/eduardo/waypoint/venv/lib/python3.12/site-packages/uvicorn/main.py", line 441, in main
    run(
  File "/home/eduardo/waypoint/venv/lib/python3.12/site-packages/uvicorn/main.py", line 617, in run
    server.run()
  File "/home/eduardo/waypoint/venv/lib/python3.12/site-packages/uvicorn/server.py", line 75, in run
    return asyncio_run(self.serve(sockets=sockets), loop_factory=self.config.get_loop_factory())
           ^^^^^^^^^^^^^^^^^^^^^^^^^^^^^^^^^^^^^^^^^^^^^^^^^^^^^^^^^^^^^^^^^^^^^^^^^^^^^^^^^^^^^
  File "/usr/lib/python3.12/asyncio/runners.py", line 194, in run
    return runner.run(main)
           ^^^^^^^^^^^^^^^^
  File "/usr/lib/python3.12/asyncio/runners.py", line 118, in run
    return self._loop.run_until_complete(task)
           ^^^^^^^^^^^^^^^^^^^^^^^^^^^^^^^^^^^
  File "uvloop/loop.pyx", line 1518, in uvloop.loop.Loop.run_until_complete
  File "/home/eduardo/waypoint/venv/lib/python3.12/site-packages/uvicorn/server.py", line 79, in serve
    await self._serve(sockets)
  File "/home/eduardo/waypoint/venv/lib/python3.12/site-packages/uvicorn/server.py", line 86, in _serve
    config.load()
  File "/home/eduardo/waypoint/venv/lib/python3.12/site-packages/uvicorn/config.py", line 449, in load
    self.loaded_app = import_from_string(self.app)
                      ^^^^^^^^^^^^^^^^^^^^^^^^^^^^
  File "/home/eduardo/waypoint/venv/lib/python3.12/site-packages/uvicorn/importer.py", line 22, in import_from_string
    raise exc from None
  File "/home/eduardo/waypoint/venv/lib/python3.12/site-packages/uvicorn/importer.py", line 19, in import_from_string
    module = importlib.import_module(module_str)
             ^^^^^^^^^^^^^^^^^^^^^^^^^^^^^^^^^^^
  File "/usr/lib/python3.12/importlib/__init__.py", line 90, in import_module
    return _bootstrap._gcd_import(name[level:], package, level)
           ^^^^^^^^^^^^^^^^^^^^^^^^^^^^^^^^^^^^^^^^^^^^^^^^^^^^
  File "<frozen importlib._bootstrap>", line 1387, in _gcd_import
  File "<frozen importlib._bootstrap>", line 1360, in _find_and_load
  File "<frozen importlib._bootstrap>", line 1331, in _find_and_load_unlocked
  File "<frozen importlib._bootstrap>", line 935, in _load_unlocked
  File "<frozen importlib._bootstrap_external>", line 995, in exec_module
  File "<frozen importlib._bootstrap>", line 488, in _call_with_frames_removed
  File "/home/eduardo/waypoint/app/main.py", line 7, in <module>
    from app.routers import trips, segments, emails, parse, lookup, enrich, auth
  File "/home/eduardo/waypoint/app/routers/trips.py", line 6, in <module>
    from app.routers.deps import get_current_user
  File "/home/eduardo/waypoint/app/routers/deps.py", line 7, in <module>
    from itsdangerous import URLSafeTimedSerializer, BadSignature, SignatureExpired
ModuleNotFoundError: No module named 'itsdangerous'
Traceback (most recent call last):
  File "/home/eduardo/waypoint/venv/bin/uvicorn", line 8, in <module>
    sys.exit(main())
             ^^^^^^
  File "/home/eduardo/waypoint/venv/lib/python3.12/site-packages/click/core.py", line 1514, in __call__
    return self.main(*args, **kwargs)
           ^^^^^^^^^^^^^^^^^^^^^^^^^^
  File "/home/eduardo/waypoint/venv/lib/python3.12/site-packages/click/core.py", line 1435, in main
    rv = self.invoke(ctx)
         ^^^^^^^^^^^^^^^^
  File "/home/eduardo/waypoint/venv/lib/python3.12/site-packages/click/core.py", line 1298, in invoke
    return ctx.invoke(self.callback, **ctx.params)
           ^^^^^^^^^^^^^^^^^^^^^^^^^^^^^^^^^^^^^^^
  File "/home/eduardo/waypoint/venv/lib/python3.12/site-packages/click/core.py", line 853, in invoke
    return callback(*args, **kwargs)
           ^^^^^^^^^^^^^^^^^^^^^^^^^
  File "/home/eduardo/waypoint/venv/lib/python3.12/site-packages/uvicorn/main.py", line 441, in main
    run(
  File "/home/eduardo/waypoint/venv/lib/python3.12/site-packages/uvicorn/main.py", line 617, in run
    server.run()
  File "/home/eduardo/waypoint/venv/lib/python3.12/site-packages/uvicorn/server.py", line 75, in run
    return asyncio_run(self.serve(sockets=sockets), loop_factory=self.config.get_loop_factory())
           ^^^^^^^^^^^^^^^^^^^^^^^^^^^^^^^^^^^^^^^^^^^^^^^^^^^^^^^^^^^^^^^^^^^^^^^^^^^^^^^^^^^^^
  File "/usr/lib/python3.12/asyncio/runners.py", line 194, in run
    return runner.run(main)
           ^^^^^^^^^^^^^^^^
  File "/usr/lib/python3.12/asyncio/runners.py", line 118, in run
    return self._loop.run_until_complete(task)
           ^^^^^^^^^^^^^^^^^^^^^^^^^^^^^^^^^^^
  File "uvloop/loop.pyx", line 1518, in uvloop.loop.Loop.run_until_complete
  File "/home/eduardo/waypoint/venv/lib/python3.12/site-packages/uvicorn/server.py", line 79, in serve
    await self._serve(sockets)
  File "/home/eduardo/waypoint/venv/lib/python3.12/site-packages/uvicorn/server.py", line 86, in _serve
    config.load()
  File "/home/eduardo/waypoint/venv/lib/python3.12/site-packages/uvicorn/config.py", line 449, in load
    self.loaded_app = import_from_string(self.app)
                      ^^^^^^^^^^^^^^^^^^^^^^^^^^^^
  File "/home/eduardo/waypoint/venv/lib/python3.12/site-packages/uvicorn/importer.py", line 22, in import_from_string
    raise exc from None
  File "/home/eduardo/waypoint/venv/lib/python3.12/site-packages/uvicorn/importer.py", line 19, in import_from_string
    module = importlib.import_module(module_str)
             ^^^^^^^^^^^^^^^^^^^^^^^^^^^^^^^^^^^
  File "/usr/lib/python3.12/importlib/__init__.py", line 90, in import_module
    return _bootstrap._gcd_import(name[level:], package, level)
           ^^^^^^^^^^^^^^^^^^^^^^^^^^^^^^^^^^^^^^^^^^^^^^^^^^^^
  File "<frozen importlib._bootstrap>", line 1387, in _gcd_import
  File "<frozen importlib._bootstrap>", line 1360, in _find_and_load
  File "<frozen importlib._bootstrap>", line 1331, in _find_and_load_unlocked
  File "<frozen importlib._bootstrap>", line 935, in _load_unlocked
  File "<frozen importlib._bootstrap_external>", line 995, in exec_module
  File "<frozen importlib._bootstrap>", line 488, in _call_with_frames_removed
  File "/home/eduardo/waypoint/app/main.py", line 7, in <module>
    from app.routers import trips, segments, emails, parse, lookup, enrich, auth
  File "/home/eduardo/waypoint/app/routers/trips.py", line 6, in <module>
    from app.routers.deps import get_current_user
  File "/home/eduardo/waypoint/app/routers/deps.py", line 7, in <module>
    from itsdangerous import URLSafeTimedSerializer, BadSignature, SignatureExpired
ModuleNotFoundError: No module named 'itsdangerous'
Traceback (most recent call last):
  File "/home/eduardo/waypoint/venv/bin/uvicorn", line 8, in <module>
    sys.exit(main())
             ^^^^^^
  File "/home/eduardo/waypoint/venv/lib/python3.12/site-packages/click/core.py", line 1514, in __call__
    return self.main(*args, **kwargs)
           ^^^^^^^^^^^^^^^^^^^^^^^^^^
  File "/home/eduardo/waypoint/venv/lib/python3.12/site-packages/click/core.py", line 1435, in main
    rv = self.invoke(ctx)
         ^^^^^^^^^^^^^^^^
  File "/home/eduardo/waypoint/venv/lib/python3.12/site-packages/click/core.py", line 1298, in invoke
    return ctx.invoke(self.callback, **ctx.params)
           ^^^^^^^^^^^^^^^^^^^^^^^^^^^^^^^^^^^^^^^
  File "/home/eduardo/waypoint/venv/lib/python3.12/site-packages/click/core.py", line 853, in invoke
    return callback(*args, **kwargs)
           ^^^^^^^^^^^^^^^^^^^^^^^^^
  File "/home/eduardo/waypoint/venv/lib/python3.12/site-packages/uvicorn/main.py", line 441, in main
    run(
  File "/home/eduardo/waypoint/venv/lib/python3.12/site-packages/uvicorn/main.py", line 617, in run
    server.run()
  File "/home/eduardo/waypoint/venv/lib/python3.12/site-packages/uvicorn/server.py", line 75, in run
    return asyncio_run(self.serve(sockets=sockets), loop_factory=self.config.get_loop_factory())
           ^^^^^^^^^^^^^^^^^^^^^^^^^^^^^^^^^^^^^^^^^^^^^^^^^^^^^^^^^^^^^^^^^^^^^^^^^^^^^^^^^^^^^
  File "/usr/lib/python3.12/asyncio/runners.py", line 194, in run
    return runner.run(main)
           ^^^^^^^^^^^^^^^^
  File "/usr/lib/python3.12/asyncio/runners.py", line 118, in run
    return self._loop.run_until_complete(task)
           ^^^^^^^^^^^^^^^^^^^^^^^^^^^^^^^^^^^
  File "uvloop/loop.pyx", line 1518, in uvloop.loop.Loop.run_until_complete
  File "/home/eduardo/waypoint/venv/lib/python3.12/site-packages/uvicorn/server.py", line 79, in serve
    await self._serve(sockets)
  File "/home/eduardo/waypoint/venv/lib/python3.12/site-packages/uvicorn/server.py", line 86, in _serve
    config.load()
  File "/home/eduardo/waypoint/venv/lib/python3.12/site-packages/uvicorn/config.py", line 449, in load
    self.loaded_app = import_from_string(self.app)
                      ^^^^^^^^^^^^^^^^^^^^^^^^^^^^
  File "/home/eduardo/waypoint/venv/lib/python3.12/site-packages/uvicorn/importer.py", line 22, in import_from_string
    raise exc from None
  File "/home/eduardo/waypoint/venv/lib/python3.12/site-packages/uvicorn/importer.py", line 19, in import_from_string
    module = importlib.import_module(module_str)
             ^^^^^^^^^^^^^^^^^^^^^^^^^^^^^^^^^^^
  File "/usr/lib/python3.12/importlib/__init__.py", line 90, in import_module
    return _bootstrap._gcd_import(name[level:], package, level)
           ^^^^^^^^^^^^^^^^^^^^^^^^^^^^^^^^^^^^^^^^^^^^^^^^^^^^
  File "<frozen importlib._bootstrap>", line 1387, in _gcd_import
  File "<frozen importlib._bootstrap>", line 1360, in _find_and_load
  File "<frozen importlib._bootstrap>", line 1331, in _find_and_load_unlocked
  File "<frozen importlib._bootstrap>", line 935, in _load_unlocked
  File "<frozen importlib._bootstrap_external>", line 995, in exec_module
  File "<frozen importlib._bootstrap>", line 488, in _call_with_frames_removed
  File "/home/eduardo/waypoint/app/main.py", line 7, in <module>
    from app.routers import trips, segments, emails, parse, lookup, enrich, auth
  File "/home/eduardo/waypoint/app/routers/trips.py", line 6, in <module>
    from app.routers.deps import get_current_user
  File "/home/eduardo/waypoint/app/routers/deps.py", line 7, in <module>
    from itsdangerous import URLSafeTimedSerializer, BadSignature, SignatureExpired
ModuleNotFoundError: No module named 'itsdangerous'
Traceback (most recent call last):
  File "/home/eduardo/waypoint/venv/bin/uvicorn", line 8, in <module>
    sys.exit(main())
             ^^^^^^
  File "/home/eduardo/waypoint/venv/lib/python3.12/site-packages/click/core.py", line 1514, in __call__
    return self.main(*args, **kwargs)
           ^^^^^^^^^^^^^^^^^^^^^^^^^^
  File "/home/eduardo/waypoint/venv/lib/python3.12/site-packages/click/core.py", line 1435, in main
    rv = self.invoke(ctx)
         ^^^^^^^^^^^^^^^^
  File "/home/eduardo/waypoint/venv/lib/python3.12/site-packages/click/core.py", line 1298, in invoke
    return ctx.invoke(self.callback, **ctx.params)
           ^^^^^^^^^^^^^^^^^^^^^^^^^^^^^^^^^^^^^^^
  File "/home/eduardo/waypoint/venv/lib/python3.12/site-packages/click/core.py", line 853, in invoke
    return callback(*args, **kwargs)
           ^^^^^^^^^^^^^^^^^^^^^^^^^
  File "/home/eduardo/waypoint/venv/lib/python3.12/site-packages/uvicorn/main.py", line 441, in main
    run(
  File "/home/eduardo/waypoint/venv/lib/python3.12/site-packages/uvicorn/main.py", line 617, in run
    server.run()
  File "/home/eduardo/waypoint/venv/lib/python3.12/site-packages/uvicorn/server.py", line 75, in run
    return asyncio_run(self.serve(sockets=sockets), loop_factory=self.config.get_loop_factory())
           ^^^^^^^^^^^^^^^^^^^^^^^^^^^^^^^^^^^^^^^^^^^^^^^^^^^^^^^^^^^^^^^^^^^^^^^^^^^^^^^^^^^^^
  File "/usr/lib/python3.12/asyncio/runners.py", line 194, in run
    return runner.run(main)
           ^^^^^^^^^^^^^^^^
  File "/usr/lib/python3.12/asyncio/runners.py", line 118, in run
    return self._loop.run_until_complete(task)
           ^^^^^^^^^^^^^^^^^^^^^^^^^^^^^^^^^^^
  File "uvloop/loop.pyx", line 1518, in uvloop.loop.Loop.run_until_complete
  File "/home/eduardo/waypoint/venv/lib/python3.12/site-packages/uvicorn/server.py", line 79, in serve
    await self._serve(sockets)
  File "/home/eduardo/waypoint/venv/lib/python3.12/site-packages/uvicorn/server.py", line 86, in _serve
    config.load()
  File "/home/eduardo/waypoint/venv/lib/python3.12/site-packages/uvicorn/config.py", line 449, in load
    self.loaded_app = import_from_string(self.app)
                      ^^^^^^^^^^^^^^^^^^^^^^^^^^^^
  File "/home/eduardo/waypoint/venv/lib/python3.12/site-packages/uvicorn/importer.py", line 22, in import_from_string
    raise exc from None
  File "/home/eduardo/waypoint/venv/lib/python3.12/site-packages/uvicorn/importer.py", line 19, in import_from_string
    module = importlib.import_module(module_str)
             ^^^^^^^^^^^^^^^^^^^^^^^^^^^^^^^^^^^
  File "/usr/lib/python3.12/importlib/__init__.py", line 90, in import_module
    return _bootstrap._gcd_import(name[level:], package, level)
           ^^^^^^^^^^^^^^^^^^^^^^^^^^^^^^^^^^^^^^^^^^^^^^^^^^^^
  File "<frozen importlib._bootstrap>", line 1387, in _gcd_import
  File "<frozen importlib._bootstrap>", line 1360, in _find_and_load
  File "<frozen importlib._bootstrap>", line 1331, in _find_and_load_unlocked
  File "<frozen importlib._bootstrap>", line 935, in _load_unlocked
  File "<frozen importlib._bootstrap_external>", line 995, in exec_module
  File "<frozen importlib._bootstrap>", line 488, in _call_with_frames_removed
  File "/home/eduardo/waypoint/app/main.py", line 7, in <module>
    from app.routers import trips, segments, emails, parse, lookup, enrich, auth
  File "/home/eduardo/waypoint/app/routers/trips.py", line 6, in <module>
    from app.routers.deps import get_current_user
  File "/home/eduardo/waypoint/app/routers/deps.py", line 7, in <module>
    from itsdangerous import URLSafeTimedSerializer, BadSignature, SignatureExpired
ModuleNotFoundError: No module named 'itsdangerous'
Traceback (most recent call last):
  File "/home/eduardo/waypoint/venv/bin/uvicorn", line 8, in <module>
    sys.exit(main())
             ^^^^^^
  File "/home/eduardo/waypoint/venv/lib/python3.12/site-packages/click/core.py", line 1514, in __call__
    return self.main(*args, **kwargs)
           ^^^^^^^^^^^^^^^^^^^^^^^^^^
  File "/home/eduardo/waypoint/venv/lib/python3.12/site-packages/click/core.py", line 1435, in main
    rv = self.invoke(ctx)
         ^^^^^^^^^^^^^^^^
  File "/home/eduardo/waypoint/venv/lib/python3.12/site-packages/click/core.py", line 1298, in invoke
    return ctx.invoke(self.callback, **ctx.params)
           ^^^^^^^^^^^^^^^^^^^^^^^^^^^^^^^^^^^^^^^
  File "/home/eduardo/waypoint/venv/lib/python3.12/site-packages/click/core.py", line 853, in invoke
    return callback(*args, **kwargs)
           ^^^^^^^^^^^^^^^^^^^^^^^^^
  File "/home/eduardo/waypoint/venv/lib/python3.12/site-packages/uvicorn/main.py", line 441, in main
    run(
  File "/home/eduardo/waypoint/venv/lib/python3.12/site-packages/uvicorn/main.py", line 617, in run
    server.run()
  File "/home/eduardo/waypoint/venv/lib/python3.12/site-packages/uvicorn/server.py", line 75, in run
    return asyncio_run(self.serve(sockets=sockets), loop_factory=self.config.get_loop_factory())
           ^^^^^^^^^^^^^^^^^^^^^^^^^^^^^^^^^^^^^^^^^^^^^^^^^^^^^^^^^^^^^^^^^^^^^^^^^^^^^^^^^^^^^
  File "/usr/lib/python3.12/asyncio/runners.py", line 194, in run
    return runner.run(main)
           ^^^^^^^^^^^^^^^^
  File "/usr/lib/python3.12/asyncio/runners.py", line 118, in run
    return self._loop.run_until_complete(task)
           ^^^^^^^^^^^^^^^^^^^^^^^^^^^^^^^^^^^
  File "uvloop/loop.pyx", line 1518, in uvloop.loop.Loop.run_until_complete
  File "/home/eduardo/waypoint/venv/lib/python3.12/site-packages/uvicorn/server.py", line 79, in serve
    await self._serve(sockets)
  File "/home/eduardo/waypoint/venv/lib/python3.12/site-packages/uvicorn/server.py", line 86, in _serve
    config.load()
  File "/home/eduardo/waypoint/venv/lib/python3.12/site-packages/uvicorn/config.py", line 449, in load
    self.loaded_app = import_from_string(self.app)
                      ^^^^^^^^^^^^^^^^^^^^^^^^^^^^
  File "/home/eduardo/waypoint/venv/lib/python3.12/site-packages/uvicorn/importer.py", line 22, in import_from_string
    raise exc from None
  File "/home/eduardo/waypoint/venv/lib/python3.12/site-packages/uvicorn/importer.py", line 19, in import_from_string
    module = importlib.import_module(module_str)
             ^^^^^^^^^^^^^^^^^^^^^^^^^^^^^^^^^^^
  File "/usr/lib/python3.12/importlib/__init__.py", line 90, in import_module
    return _bootstrap._gcd_import(name[level:], package, level)
           ^^^^^^^^^^^^^^^^^^^^^^^^^^^^^^^^^^^^^^^^^^^^^^^^^^^^
  File "<frozen importlib._bootstrap>", line 1387, in _gcd_import
  File "<frozen importlib._bootstrap>", line 1360, in _find_and_load
  File "<frozen importlib._bootstrap>", line 1331, in _find_and_load_unlocked
  File "<frozen importlib._bootstrap>", line 935, in _load_unlocked
  File "<frozen importlib._bootstrap_external>", line 995, in exec_module
  File "<frozen importlib._bootstrap>", line 488, in _call_with_frames_removed
  File "/home/eduardo/waypoint/app/main.py", line 7, in <module>
    from app.routers import trips, segments, emails, parse, lookup, enrich, auth
  File "/home/eduardo/waypoint/app/routers/trips.py", line 6, in <module>
    from app.routers.deps import get_current_user
  File "/home/eduardo/waypoint/app/routers/deps.py", line 7, in <module>
    from itsdangerous import URLSafeTimedSerializer, BadSignature, SignatureExpired
ModuleNotFoundError: No module named 'itsdangerous'
Traceback (most recent call last):
  File "/home/eduardo/waypoint/venv/bin/uvicorn", line 8, in <module>
    sys.exit(main())
             ^^^^^^
  File "/home/eduardo/waypoint/venv/lib/python3.12/site-packages/click/core.py", line 1514, in __call__
    return self.main(*args, **kwargs)
           ^^^^^^^^^^^^^^^^^^^^^^^^^^
  File "/home/eduardo/waypoint/venv/lib/python3.12/site-packages/click/core.py", line 1435, in main
    rv = self.invoke(ctx)
         ^^^^^^^^^^^^^^^^
  File "/home/eduardo/waypoint/venv/lib/python3.12/site-packages/click/core.py", line 1298, in invoke
    return ctx.invoke(self.callback, **ctx.params)
           ^^^^^^^^^^^^^^^^^^^^^^^^^^^^^^^^^^^^^^^
  File "/home/eduardo/waypoint/venv/lib/python3.12/site-packages/click/core.py", line 853, in invoke
    return callback(*args, **kwargs)
           ^^^^^^^^^^^^^^^^^^^^^^^^^
  File "/home/eduardo/waypoint/venv/lib/python3.12/site-packages/uvicorn/main.py", line 441, in main
    run(
  File "/home/eduardo/waypoint/venv/lib/python3.12/site-packages/uvicorn/main.py", line 617, in run
    server.run()
  File "/home/eduardo/waypoint/venv/lib/python3.12/site-packages/uvicorn/server.py", line 75, in run
    return asyncio_run(self.serve(sockets=sockets), loop_factory=self.config.get_loop_factory())
           ^^^^^^^^^^^^^^^^^^^^^^^^^^^^^^^^^^^^^^^^^^^^^^^^^^^^^^^^^^^^^^^^^^^^^^^^^^^^^^^^^^^^^
  File "/usr/lib/python3.12/asyncio/runners.py", line 194, in run
    return runner.run(main)
           ^^^^^^^^^^^^^^^^
  File "/usr/lib/python3.12/asyncio/runners.py", line 118, in run
    return self._loop.run_until_complete(task)
           ^^^^^^^^^^^^^^^^^^^^^^^^^^^^^^^^^^^
  File "uvloop/loop.pyx", line 1518, in uvloop.loop.Loop.run_until_complete
  File "/home/eduardo/waypoint/venv/lib/python3.12/site-packages/uvicorn/server.py", line 79, in serve
    await self._serve(sockets)
  File "/home/eduardo/waypoint/venv/lib/python3.12/site-packages/uvicorn/server.py", line 86, in _serve
    config.load()
  File "/home/eduardo/waypoint/venv/lib/python3.12/site-packages/uvicorn/config.py", line 449, in load
    self.loaded_app = import_from_string(self.app)
                      ^^^^^^^^^^^^^^^^^^^^^^^^^^^^
  File "/home/eduardo/waypoint/venv/lib/python3.12/site-packages/uvicorn/importer.py", line 22, in import_from_string
    raise exc from None
  File "/home/eduardo/waypoint/venv/lib/python3.12/site-packages/uvicorn/importer.py", line 19, in import_from_string
    module = importlib.import_module(module_str)
             ^^^^^^^^^^^^^^^^^^^^^^^^^^^^^^^^^^^
  File "/usr/lib/python3.12/importlib/__init__.py", line 90, in import_module
    return _bootstrap._gcd_import(name[level:], package, level)
           ^^^^^^^^^^^^^^^^^^^^^^^^^^^^^^^^^^^^^^^^^^^^^^^^^^^^
  File "<frozen importlib._bootstrap>", line 1387, in _gcd_import
  File "<frozen importlib._bootstrap>", line 1360, in _find_and_load
  File "<frozen importlib._bootstrap>", line 1331, in _find_and_load_unlocked
  File "<frozen importlib._bootstrap>", line 935, in _load_unlocked
  File "<frozen importlib._bootstrap_external>", line 995, in exec_module
  File "<frozen importlib._bootstrap>", line 488, in _call_with_frames_removed
  File "/home/eduardo/waypoint/app/main.py", line 7, in <module>
    from app.routers import trips, segments, emails, parse, lookup, enrich, auth
  File "/home/eduardo/waypoint/app/routers/trips.py", line 6, in <module>
    from app.routers.deps import get_current_user
  File "/home/eduardo/waypoint/app/routers/deps.py", line 7, in <module>
    from itsdangerous import URLSafeTimedSerializer, BadSignature, SignatureExpired
ModuleNotFoundError: No module named 'itsdangerous'
Traceback (most recent call last):
  File "/home/eduardo/waypoint/venv/bin/uvicorn", line 8, in <module>
    sys.exit(main())
             ^^^^^^
  File "/home/eduardo/waypoint/venv/lib/python3.12/site-packages/click/core.py", line 1514, in __call__
    return self.main(*args, **kwargs)
           ^^^^^^^^^^^^^^^^^^^^^^^^^^
  File "/home/eduardo/waypoint/venv/lib/python3.12/site-packages/click/core.py", line 1435, in main
    rv = self.invoke(ctx)
         ^^^^^^^^^^^^^^^^
  File "/home/eduardo/waypoint/venv/lib/python3.12/site-packages/click/core.py", line 1298, in invoke
    return ctx.invoke(self.callback, **ctx.params)
           ^^^^^^^^^^^^^^^^^^^^^^^^^^^^^^^^^^^^^^^
  File "/home/eduardo/waypoint/venv/lib/python3.12/site-packages/click/core.py", line 853, in invoke
    return callback(*args, **kwargs)
           ^^^^^^^^^^^^^^^^^^^^^^^^^
  File "/home/eduardo/waypoint/venv/lib/python3.12/site-packages/uvicorn/main.py", line 441, in main
    run(
  File "/home/eduardo/waypoint/venv/lib/python3.12/site-packages/uvicorn/main.py", line 617, in run
    server.run()
  File "/home/eduardo/waypoint/venv/lib/python3.12/site-packages/uvicorn/server.py", line 75, in run
    return asyncio_run(self.serve(sockets=sockets), loop_factory=self.config.get_loop_factory())
           ^^^^^^^^^^^^^^^^^^^^^^^^^^^^^^^^^^^^^^^^^^^^^^^^^^^^^^^^^^^^^^^^^^^^^^^^^^^^^^^^^^^^^
  File "/usr/lib/python3.12/asyncio/runners.py", line 194, in run
    return runner.run(main)
           ^^^^^^^^^^^^^^^^
  File "/usr/lib/python3.12/asyncio/runners.py", line 118, in run
    return self._loop.run_until_complete(task)
           ^^^^^^^^^^^^^^^^^^^^^^^^^^^^^^^^^^^
  File "uvloop/loop.pyx", line 1518, in uvloop.loop.Loop.run_until_complete
  File "/home/eduardo/waypoint/venv/lib/python3.12/site-packages/uvicorn/server.py", line 79, in serve
    await self._serve(sockets)
  File "/home/eduardo/waypoint/venv/lib/python3.12/site-packages/uvicorn/server.py", line 86, in _serve
    config.load()
  File "/home/eduardo/waypoint/venv/lib/python3.12/site-packages/uvicorn/config.py", line 449, in load
    self.loaded_app = import_from_string(self.app)
                      ^^^^^^^^^^^^^^^^^^^^^^^^^^^^
  File "/home/eduardo/waypoint/venv/lib/python3.12/site-packages/uvicorn/importer.py", line 22, in import_from_string
    raise exc from None
  File "/home/eduardo/waypoint/venv/lib/python3.12/site-packages/uvicorn/importer.py", line 19, in import_from_string
    module = importlib.import_module(module_str)
             ^^^^^^^^^^^^^^^^^^^^^^^^^^^^^^^^^^^
  File "/usr/lib/python3.12/importlib/__init__.py", line 90, in import_module
    return _bootstrap._gcd_import(name[level:], package, level)
           ^^^^^^^^^^^^^^^^^^^^^^^^^^^^^^^^^^^^^^^^^^^^^^^^^^^^
  File "<frozen importlib._bootstrap>", line 1387, in _gcd_import
  File "<frozen importlib._bootstrap>", line 1360, in _find_and_load
  File "<frozen importlib._bootstrap>", line 1331, in _find_and_load_unlocked
  File "<frozen importlib._bootstrap>", line 935, in _load_unlocked
  File "<frozen importlib._bootstrap_external>", line 995, in exec_module
  File "<frozen importlib._bootstrap>", line 488, in _call_with_frames_removed
  File "/home/eduardo/waypoint/app/main.py", line 7, in <module>
    from app.routers import trips, segments, emails, parse, lookup, enrich, auth
  File "/home/eduardo/waypoint/app/routers/trips.py", line 6, in <module>
    from app.routers.deps import get_current_user
  File "/home/eduardo/waypoint/app/routers/deps.py", line 7, in <module>
    from itsdangerous import URLSafeTimedSerializer, BadSignature, SignatureExpired
ModuleNotFoundError: No module named 'itsdangerous'
Traceback (most recent call last):
  File "/home/eduardo/waypoint/venv/bin/uvicorn", line 8, in <module>
    sys.exit(main())
             ^^^^^^
  File "/home/eduardo/waypoint/venv/lib/python3.12/site-packages/click/core.py", line 1514, in __call__
    return self.main(*args, **kwargs)
           ^^^^^^^^^^^^^^^^^^^^^^^^^^
  File "/home/eduardo/waypoint/venv/lib/python3.12/site-packages/click/core.py", line 1435, in main
    rv = self.invoke(ctx)
         ^^^^^^^^^^^^^^^^
  File "/home/eduardo/waypoint/venv/lib/python3.12/site-packages/click/core.py", line 1298, in invoke
    return ctx.invoke(self.callback, **ctx.params)
           ^^^^^^^^^^^^^^^^^^^^^^^^^^^^^^^^^^^^^^^
  File "/home/eduardo/waypoint/venv/lib/python3.12/site-packages/click/core.py", line 853, in invoke
    return callback(*args, **kwargs)
           ^^^^^^^^^^^^^^^^^^^^^^^^^
  File "/home/eduardo/waypoint/venv/lib/python3.12/site-packages/uvicorn/main.py", line 441, in main
    run(
  File "/home/eduardo/waypoint/venv/lib/python3.12/site-packages/uvicorn/main.py", line 617, in run
    server.run()
  File "/home/eduardo/waypoint/venv/lib/python3.12/site-packages/uvicorn/server.py", line 75, in run
    return asyncio_run(self.serve(sockets=sockets), loop_factory=self.config.get_loop_factory())
           ^^^^^^^^^^^^^^^^^^^^^^^^^^^^^^^^^^^^^^^^^^^^^^^^^^^^^^^^^^^^^^^^^^^^^^^^^^^^^^^^^^^^^
  File "/usr/lib/python3.12/asyncio/runners.py", line 194, in run
    return runner.run(main)
           ^^^^^^^^^^^^^^^^
  File "/usr/lib/python3.12/asyncio/runners.py", line 118, in run
    return self._loop.run_until_complete(task)
           ^^^^^^^^^^^^^^^^^^^^^^^^^^^^^^^^^^^
  File "uvloop/loop.pyx", line 1518, in uvloop.loop.Loop.run_until_complete
  File "/home/eduardo/waypoint/venv/lib/python3.12/site-packages/uvicorn/server.py", line 79, in serve
    await self._serve(sockets)
  File "/home/eduardo/waypoint/venv/lib/python3.12/site-packages/uvicorn/server.py", line 86, in _serve
    config.load()
  File "/home/eduardo/waypoint/venv/lib/python3.12/site-packages/uvicorn/config.py", line 449, in load
    self.loaded_app = import_from_string(self.app)
                      ^^^^^^^^^^^^^^^^^^^^^^^^^^^^
  File "/home/eduardo/waypoint/venv/lib/python3.12/site-packages/uvicorn/importer.py", line 22, in import_from_string
    raise exc from None
  File "/home/eduardo/waypoint/venv/lib/python3.12/site-packages/uvicorn/importer.py", line 19, in import_from_string
    module = importlib.import_module(module_str)
             ^^^^^^^^^^^^^^^^^^^^^^^^^^^^^^^^^^^
  File "/usr/lib/python3.12/importlib/__init__.py", line 90, in import_module
    return _bootstrap._gcd_import(name[level:], package, level)
           ^^^^^^^^^^^^^^^^^^^^^^^^^^^^^^^^^^^^^^^^^^^^^^^^^^^^
  File "<frozen importlib._bootstrap>", line 1387, in _gcd_import
  File "<frozen importlib._bootstrap>", line 1360, in _find_and_load
  File "<frozen importlib._bootstrap>", line 1331, in _find_and_load_unlocked
  File "<frozen importlib._bootstrap>", line 935, in _load_unlocked
  File "<frozen importlib._bootstrap_external>", line 995, in exec_module
  File "<frozen importlib._bootstrap>", line 488, in _call_with_frames_removed
  File "/home/eduardo/waypoint/app/main.py", line 7, in <module>
    from app.routers import trips, segments, emails, parse, lookup, enrich, auth
  File "/home/eduardo/waypoint/app/routers/trips.py", line 6, in <module>
    from app.routers.deps import get_current_user
  File "/home/eduardo/waypoint/app/routers/deps.py", line 7, in <module>
    from itsdangerous import URLSafeTimedSerializer, BadSignature, SignatureExpired
ModuleNotFoundError: No module named 'itsdangerous'
Traceback (most recent call last):
  File "/home/eduardo/waypoint/venv/lib/python3.12/site-packages/pydantic/networks.py", line 966, in import_email_validator
    import email_validator
ModuleNotFoundError: No module named 'email_validator'

The above exception was the direct cause of the following exception:

Traceback (most recent call last):
  File "/home/eduardo/waypoint/venv/bin/uvicorn", line 8, in <module>
    sys.exit(main())
             ^^^^^^
  File "/home/eduardo/waypoint/venv/lib/python3.12/site-packages/click/core.py", line 1514, in __call__
    return self.main(*args, **kwargs)
           ^^^^^^^^^^^^^^^^^^^^^^^^^^
  File "/home/eduardo/waypoint/venv/lib/python3.12/site-packages/click/core.py", line 1435, in main
    rv = self.invoke(ctx)
         ^^^^^^^^^^^^^^^^
  File "/home/eduardo/waypoint/venv/lib/python3.12/site-packages/click/core.py", line 1298, in invoke
    return ctx.invoke(self.callback, **ctx.params)
           ^^^^^^^^^^^^^^^^^^^^^^^^^^^^^^^^^^^^^^^
  File "/home/eduardo/waypoint/venv/lib/python3.12/site-packages/click/core.py", line 853, in invoke
    return callback(*args, **kwargs)
           ^^^^^^^^^^^^^^^^^^^^^^^^^
  File "/home/eduardo/waypoint/venv/lib/python3.12/site-packages/uvicorn/main.py", line 441, in main
    run(
  File "/home/eduardo/waypoint/venv/lib/python3.12/site-packages/uvicorn/main.py", line 617, in run
    server.run()
  File "/home/eduardo/waypoint/venv/lib/python3.12/site-packages/uvicorn/server.py", line 75, in run
    return asyncio_run(self.serve(sockets=sockets), loop_factory=self.config.get_loop_factory())
           ^^^^^^^^^^^^^^^^^^^^^^^^^^^^^^^^^^^^^^^^^^^^^^^^^^^^^^^^^^^^^^^^^^^^^^^^^^^^^^^^^^^^^
  File "/usr/lib/python3.12/asyncio/runners.py", line 194, in run
    return runner.run(main)
           ^^^^^^^^^^^^^^^^
  File "/usr/lib/python3.12/asyncio/runners.py", line 118, in run
    return self._loop.run_until_complete(task)
           ^^^^^^^^^^^^^^^^^^^^^^^^^^^^^^^^^^^
  File "uvloop/loop.pyx", line 1518, in uvloop.loop.Loop.run_until_complete
  File "/home/eduardo/waypoint/venv/lib/python3.12/site-packages/uvicorn/server.py", line 79, in serve
    await self._serve(sockets)
  File "/home/eduardo/waypoint/venv/lib/python3.12/site-packages/uvicorn/server.py", line 86, in _serve
    config.load()
  File "/home/eduardo/waypoint/venv/lib/python3.12/site-packages/uvicorn/config.py", line 449, in load
    self.loaded_app = import_from_string(self.app)
                      ^^^^^^^^^^^^^^^^^^^^^^^^^^^^
  File "/home/eduardo/waypoint/venv/lib/python3.12/site-packages/uvicorn/importer.py", line 19, in import_from_string
    module = importlib.import_module(module_str)
             ^^^^^^^^^^^^^^^^^^^^^^^^^^^^^^^^^^^
  File "/usr/lib/python3.12/importlib/__init__.py", line 90, in import_module
    return _bootstrap._gcd_import(name[level:], package, level)
           ^^^^^^^^^^^^^^^^^^^^^^^^^^^^^^^^^^^^^^^^^^^^^^^^^^^^
  File "<frozen importlib._bootstrap>", line 1387, in _gcd_import
  File "<frozen importlib._bootstrap>", line 1360, in _find_and_load
  File "<frozen importlib._bootstrap>", line 1331, in _find_and_load_unlocked
  File "<frozen importlib._bootstrap>", line 935, in _load_unlocked
  File "<frozen importlib._bootstrap_external>", line 995, in exec_module
  File "<frozen importlib._bootstrap>", line 488, in _call_with_frames_removed
  File "/home/eduardo/waypoint/app/main.py", line 7, in <module>
    from app.routers import trips, segments, emails, parse, lookup, enrich, auth
  File "/home/eduardo/waypoint/app/routers/auth.py", line 69, in <module>
    class RegisterRequest(BaseModel):
  File "/home/eduardo/waypoint/venv/lib/python3.12/site-packages/pydantic/_internal/_model_construction.py", line 256, in __new__
    complete_model_class(
  File "/home/eduardo/waypoint/venv/lib/python3.12/site-packages/pydantic/_internal/_model_construction.py", line 667, in complete_model_class
    schema = gen_schema.generate_schema(cls)
             ^^^^^^^^^^^^^^^^^^^^^^^^^^^^^^^
  File "/home/eduardo/waypoint/venv/lib/python3.12/site-packages/pydantic/_internal/_generate_schema.py", line 744, in generate_schema
    schema = self._generate_schema_inner(obj)
             ^^^^^^^^^^^^^^^^^^^^^^^^^^^^^^^^
  File "/home/eduardo/waypoint/venv/lib/python3.12/site-packages/pydantic/_internal/_generate_schema.py", line 1028, in _generate_schema_inner
    return self._model_schema(obj)
           ^^^^^^^^^^^^^^^^^^^^^^^
  File "/home/eduardo/waypoint/venv/lib/python3.12/site-packages/pydantic/_internal/_generate_schema.py", line 858, in _model_schema
    {k: self._generate_md_field_schema(k, v, decorators) for k, v in fields.items()},
        ^^^^^^^^^^^^^^^^^^^^^^^^^^^^^^^^^^^^^^^^^^^^^^^^
  File "/home/eduardo/waypoint/venv/lib/python3.12/site-packages/pydantic/_internal/_generate_schema.py", line 1235, in _generate_md_field_schema
    schema, metadata = self._common_field_schema(name, field_info, decorators)
                       ^^^^^^^^^^^^^^^^^^^^^^^^^^^^^^^^^^^^^^^^^^^^^^^^^^^^^^^
  File "/home/eduardo/waypoint/venv/lib/python3.12/site-packages/pydantic/_internal/_generate_schema.py", line 1289, in _common_field_schema
    schema = self._apply_annotations(
             ^^^^^^^^^^^^^^^^^^^^^^^^
  File "/home/eduardo/waypoint/venv/lib/python3.12/site-packages/pydantic/_internal/_generate_schema.py", line 2242, in _apply_annotations
    schema = get_inner_schema(source_type)
             ^^^^^^^^^^^^^^^^^^^^^^^^^^^^^
  File "/home/eduardo/waypoint/venv/lib/python3.12/site-packages/pydantic/_internal/_schema_generation_shared.py", line 83, in __call__
    schema = self._handler(source_type)
             ^^^^^^^^^^^^^^^^^^^^^^^^^^
  File "/home/eduardo/waypoint/venv/lib/python3.12/site-packages/pydantic/_internal/_generate_schema.py", line 2218, in inner_handler
    schema = self._generate_schema_from_get_schema_method(obj, source_type)
             ^^^^^^^^^^^^^^^^^^^^^^^^^^^^^^^^^^^^^^^^^^^^^^^^^^^^^^^^^^^^^^
  File "/home/eduardo/waypoint/venv/lib/python3.12/site-packages/pydantic/_internal/_generate_schema.py", line 921, in _generate_schema_from_get_schema_method
    schema = get_schema(
             ^^^^^^^^^^^
  File "/home/eduardo/waypoint/venv/lib/python3.12/site-packages/pydantic/networks.py", line 1006, in __get_pydantic_core_schema__
    import_email_validator()
  File "/home/eduardo/waypoint/venv/lib/python3.12/site-packages/pydantic/networks.py", line 968, in import_email_validator
    raise ImportError("email-validator is not installed, run `pip install 'pydantic[email]'`") from e
ImportError: email-validator is not installed, run `pip install 'pydantic[email]'`
Traceback (most recent call last):
  File "/home/eduardo/waypoint/venv/lib/python3.12/site-packages/pydantic/networks.py", line 966, in import_email_validator
    import email_validator
ModuleNotFoundError: No module named 'email_validator'

The above exception was the direct cause of the following exception:

Traceback (most recent call last):
  File "/home/eduardo/waypoint/venv/bin/uvicorn", line 8, in <module>
    sys.exit(main())
             ^^^^^^
  File "/home/eduardo/waypoint/venv/lib/python3.12/site-packages/click/core.py", line 1514, in __call__
    return self.main(*args, **kwargs)
           ^^^^^^^^^^^^^^^^^^^^^^^^^^
  File "/home/eduardo/waypoint/venv/lib/python3.12/site-packages/click/core.py", line 1435, in main
    rv = self.invoke(ctx)
         ^^^^^^^^^^^^^^^^
  File "/home/eduardo/waypoint/venv/lib/python3.12/site-packages/click/core.py", line 1298, in invoke
    return ctx.invoke(self.callback, **ctx.params)
           ^^^^^^^^^^^^^^^^^^^^^^^^^^^^^^^^^^^^^^^
  File "/home/eduardo/waypoint/venv/lib/python3.12/site-packages/click/core.py", line 853, in invoke
    return callback(*args, **kwargs)
           ^^^^^^^^^^^^^^^^^^^^^^^^^
  File "/home/eduardo/waypoint/venv/lib/python3.12/site-packages/uvicorn/main.py", line 441, in main
    run(
  File "/home/eduardo/waypoint/venv/lib/python3.12/site-packages/uvicorn/main.py", line 617, in run
    server.run()
  File "/home/eduardo/waypoint/venv/lib/python3.12/site-packages/uvicorn/server.py", line 75, in run
    return asyncio_run(self.serve(sockets=sockets), loop_factory=self.config.get_loop_factory())
           ^^^^^^^^^^^^^^^^^^^^^^^^^^^^^^^^^^^^^^^^^^^^^^^^^^^^^^^^^^^^^^^^^^^^^^^^^^^^^^^^^^^^^
  File "/usr/lib/python3.12/asyncio/runners.py", line 194, in run
    return runner.run(main)
           ^^^^^^^^^^^^^^^^
  File "/usr/lib/python3.12/asyncio/runners.py", line 118, in run
    return self._loop.run_until_complete(task)
           ^^^^^^^^^^^^^^^^^^^^^^^^^^^^^^^^^^^
  File "uvloop/loop.pyx", line 1518, in uvloop.loop.Loop.run_until_complete
  File "/home/eduardo/waypoint/venv/lib/python3.12/site-packages/uvicorn/server.py", line 79, in serve
    await self._serve(sockets)
  File "/home/eduardo/waypoint/venv/lib/python3.12/site-packages/uvicorn/server.py", line 86, in _serve
    config.load()
  File "/home/eduardo/waypoint/venv/lib/python3.12/site-packages/uvicorn/config.py", line 449, in load
    self.loaded_app = import_from_string(self.app)
                      ^^^^^^^^^^^^^^^^^^^^^^^^^^^^
  File "/home/eduardo/waypoint/venv/lib/python3.12/site-packages/uvicorn/importer.py", line 19, in import_from_string
    module = importlib.import_module(module_str)
             ^^^^^^^^^^^^^^^^^^^^^^^^^^^^^^^^^^^
  File "/usr/lib/python3.12/importlib/__init__.py", line 90, in import_module
    return _bootstrap._gcd_import(name[level:], package, level)
           ^^^^^^^^^^^^^^^^^^^^^^^^^^^^^^^^^^^^^^^^^^^^^^^^^^^^
  File "<frozen importlib._bootstrap>", line 1387, in _gcd_import
  File "<frozen importlib._bootstrap>", line 1360, in _find_and_load
  File "<frozen importlib._bootstrap>", line 1331, in _find_and_load_unlocked
  File "<frozen importlib._bootstrap>", line 935, in _load_unlocked
  File "<frozen importlib._bootstrap_external>", line 995, in exec_module
  File "<frozen importlib._bootstrap>", line 488, in _call_with_frames_removed
  File "/home/eduardo/waypoint/app/main.py", line 7, in <module>
    from app.routers import trips, segments, emails, parse, lookup, enrich, auth
  File "/home/eduardo/waypoint/app/routers/auth.py", line 69, in <module>
    class RegisterRequest(BaseModel):
  File "/home/eduardo/waypoint/venv/lib/python3.12/site-packages/pydantic/_internal/_model_construction.py", line 256, in __new__
    complete_model_class(
  File "/home/eduardo/waypoint/venv/lib/python3.12/site-packages/pydantic/_internal/_model_construction.py", line 667, in complete_model_class
    schema = gen_schema.generate_schema(cls)
             ^^^^^^^^^^^^^^^^^^^^^^^^^^^^^^^
  File "/home/eduardo/waypoint/venv/lib/python3.12/site-packages/pydantic/_internal/_generate_schema.py", line 744, in generate_schema
    schema = self._generate_schema_inner(obj)
             ^^^^^^^^^^^^^^^^^^^^^^^^^^^^^^^^
  File "/home/eduardo/waypoint/venv/lib/python3.12/site-packages/pydantic/_internal/_generate_schema.py", line 1028, in _generate_schema_inner
    return self._model_schema(obj)
           ^^^^^^^^^^^^^^^^^^^^^^^
  File "/home/eduardo/waypoint/venv/lib/python3.12/site-packages/pydantic/_internal/_generate_schema.py", line 858, in _model_schema
    {k: self._generate_md_field_schema(k, v, decorators) for k, v in fields.items()},
        ^^^^^^^^^^^^^^^^^^^^^^^^^^^^^^^^^^^^^^^^^^^^^^^^
  File "/home/eduardo/waypoint/venv/lib/python3.12/site-packages/pydantic/_internal/_generate_schema.py", line 1235, in _generate_md_field_schema
    schema, metadata = self._common_field_schema(name, field_info, decorators)
                       ^^^^^^^^^^^^^^^^^^^^^^^^^^^^^^^^^^^^^^^^^^^^^^^^^^^^^^^
  File "/home/eduardo/waypoint/venv/lib/python3.12/site-packages/pydantic/_internal/_generate_schema.py", line 1289, in _common_field_schema
    schema = self._apply_annotations(
             ^^^^^^^^^^^^^^^^^^^^^^^^
  File "/home/eduardo/waypoint/venv/lib/python3.12/site-packages/pydantic/_internal/_generate_schema.py", line 2242, in _apply_annotations
    schema = get_inner_schema(source_type)
             ^^^^^^^^^^^^^^^^^^^^^^^^^^^^^
  File "/home/eduardo/waypoint/venv/lib/python3.12/site-packages/pydantic/_internal/_schema_generation_shared.py", line 83, in __call__
    schema = self._handler(source_type)
             ^^^^^^^^^^^^^^^^^^^^^^^^^^
  File "/home/eduardo/waypoint/venv/lib/python3.12/site-packages/pydantic/_internal/_generate_schema.py", line 2218, in inner_handler
    schema = self._generate_schema_from_get_schema_method(obj, source_type)
             ^^^^^^^^^^^^^^^^^^^^^^^^^^^^^^^^^^^^^^^^^^^^^^^^^^^^^^^^^^^^^^
  File "/home/eduardo/waypoint/venv/lib/python3.12/site-packages/pydantic/_internal/_generate_schema.py", line 921, in _generate_schema_from_get_schema_method
    schema = get_schema(
             ^^^^^^^^^^^
  File "/home/eduardo/waypoint/venv/lib/python3.12/site-packages/pydantic/networks.py", line 1006, in __get_pydantic_core_schema__
    import_email_validator()
  File "/home/eduardo/waypoint/venv/lib/python3.12/site-packages/pydantic/networks.py", line 968, in import_email_validator
    raise ImportError("email-validator is not installed, run `pip install 'pydantic[email]'`") from e
ImportError: email-validator is not installed, run `pip install 'pydantic[email]'`
Traceback (most recent call last):
  File "/home/eduardo/waypoint/venv/lib/python3.12/site-packages/pydantic/networks.py", line 966, in import_email_validator
    import email_validator
ModuleNotFoundError: No module named 'email_validator'

The above exception was the direct cause of the following exception:

Traceback (most recent call last):
  File "/home/eduardo/waypoint/venv/bin/uvicorn", line 8, in <module>
    sys.exit(main())
             ^^^^^^
  File "/home/eduardo/waypoint/venv/lib/python3.12/site-packages/click/core.py", line 1514, in __call__
    return self.main(*args, **kwargs)
           ^^^^^^^^^^^^^^^^^^^^^^^^^^
  File "/home/eduardo/waypoint/venv/lib/python3.12/site-packages/click/core.py", line 1435, in main
    rv = self.invoke(ctx)
         ^^^^^^^^^^^^^^^^
  File "/home/eduardo/waypoint/venv/lib/python3.12/site-packages/click/core.py", line 1298, in invoke
    return ctx.invoke(self.callback, **ctx.params)
           ^^^^^^^^^^^^^^^^^^^^^^^^^^^^^^^^^^^^^^^
  File "/home/eduardo/waypoint/venv/lib/python3.12/site-packages/click/core.py", line 853, in invoke
    return callback(*args, **kwargs)
           ^^^^^^^^^^^^^^^^^^^^^^^^^
  File "/home/eduardo/waypoint/venv/lib/python3.12/site-packages/uvicorn/main.py", line 441, in main
    run(
  File "/home/eduardo/waypoint/venv/lib/python3.12/site-packages/uvicorn/main.py", line 617, in run
    server.run()
  File "/home/eduardo/waypoint/venv/lib/python3.12/site-packages/uvicorn/server.py", line 75, in run
    return asyncio_run(self.serve(sockets=sockets), loop_factory=self.config.get_loop_factory())
           ^^^^^^^^^^^^^^^^^^^^^^^^^^^^^^^^^^^^^^^^^^^^^^^^^^^^^^^^^^^^^^^^^^^^^^^^^^^^^^^^^^^^^
  File "/usr/lib/python3.12/asyncio/runners.py", line 194, in run
    return runner.run(main)
           ^^^^^^^^^^^^^^^^
  File "/usr/lib/python3.12/asyncio/runners.py", line 118, in run
    return self._loop.run_until_complete(task)
           ^^^^^^^^^^^^^^^^^^^^^^^^^^^^^^^^^^^
  File "uvloop/loop.pyx", line 1518, in uvloop.loop.Loop.run_until_complete
  File "/home/eduardo/waypoint/venv/lib/python3.12/site-packages/uvicorn/server.py", line 79, in serve
    await self._serve(sockets)
  File "/home/eduardo/waypoint/venv/lib/python3.12/site-packages/uvicorn/server.py", line 86, in _serve
    config.load()
  File "/home/eduardo/waypoint/venv/lib/python3.12/site-packages/uvicorn/config.py", line 449, in load
    self.loaded_app = import_from_string(self.app)
                      ^^^^^^^^^^^^^^^^^^^^^^^^^^^^
  File "/home/eduardo/waypoint/venv/lib/python3.12/site-packages/uvicorn/importer.py", line 19, in import_from_string
    module = importlib.import_module(module_str)
             ^^^^^^^^^^^^^^^^^^^^^^^^^^^^^^^^^^^
  File "/usr/lib/python3.12/importlib/__init__.py", line 90, in import_module
    return _bootstrap._gcd_import(name[level:], package, level)
           ^^^^^^^^^^^^^^^^^^^^^^^^^^^^^^^^^^^^^^^^^^^^^^^^^^^^
  File "<frozen importlib._bootstrap>", line 1387, in _gcd_import
  File "<frozen importlib._bootstrap>", line 1360, in _find_and_load
  File "<frozen importlib._bootstrap>", line 1331, in _find_and_load_unlocked
  File "<frozen importlib._bootstrap>", line 935, in _load_unlocked
  File "<frozen importlib._bootstrap_external>", line 995, in exec_module
  File "<frozen importlib._bootstrap>", line 488, in _call_with_frames_removed
  File "/home/eduardo/waypoint/app/main.py", line 7, in <module>
    from app.routers import trips, segments, emails, parse, lookup, enrich, auth
  File "/home/eduardo/waypoint/app/routers/auth.py", line 69, in <module>
    class RegisterRequest(BaseModel):
  File "/home/eduardo/waypoint/venv/lib/python3.12/site-packages/pydantic/_internal/_model_construction.py", line 256, in __new__
    complete_model_class(
  File "/home/eduardo/waypoint/venv/lib/python3.12/site-packages/pydantic/_internal/_model_construction.py", line 667, in complete_model_class
    schema = gen_schema.generate_schema(cls)
             ^^^^^^^^^^^^^^^^^^^^^^^^^^^^^^^
  File "/home/eduardo/waypoint/venv/lib/python3.12/site-packages/pydantic/_internal/_generate_schema.py", line 744, in generate_schema
    schema = self._generate_schema_inner(obj)
             ^^^^^^^^^^^^^^^^^^^^^^^^^^^^^^^^
  File "/home/eduardo/waypoint/venv/lib/python3.12/site-packages/pydantic/_internal/_generate_schema.py", line 1028, in _generate_schema_inner
    return self._model_schema(obj)
           ^^^^^^^^^^^^^^^^^^^^^^^
  File "/home/eduardo/waypoint/venv/lib/python3.12/site-packages/pydantic/_internal/_generate_schema.py", line 858, in _model_schema
    {k: self._generate_md_field_schema(k, v, decorators) for k, v in fields.items()},
        ^^^^^^^^^^^^^^^^^^^^^^^^^^^^^^^^^^^^^^^^^^^^^^^^
  File "/home/eduardo/waypoint/venv/lib/python3.12/site-packages/pydantic/_internal/_generate_schema.py", line 1235, in _generate_md_field_schema
    schema, metadata = self._common_field_schema(name, field_info, decorators)
                       ^^^^^^^^^^^^^^^^^^^^^^^^^^^^^^^^^^^^^^^^^^^^^^^^^^^^^^^
  File "/home/eduardo/waypoint/venv/lib/python3.12/site-packages/pydantic/_internal/_generate_schema.py", line 1289, in _common_field_schema
    schema = self._apply_annotations(
             ^^^^^^^^^^^^^^^^^^^^^^^^
  File "/home/eduardo/waypoint/venv/lib/python3.12/site-packages/pydantic/_internal/_generate_schema.py", line 2242, in _apply_annotations
    schema = get_inner_schema(source_type)
             ^^^^^^^^^^^^^^^^^^^^^^^^^^^^^
  File "/home/eduardo/waypoint/venv/lib/python3.12/site-packages/pydantic/_internal/_schema_generation_shared.py", line 83, in __call__
    schema = self._handler(source_type)
             ^^^^^^^^^^^^^^^^^^^^^^^^^^
  File "/home/eduardo/waypoint/venv/lib/python3.12/site-packages/pydantic/_internal/_generate_schema.py", line 2218, in inner_handler
    schema = self._generate_schema_from_get_schema_method(obj, source_type)
             ^^^^^^^^^^^^^^^^^^^^^^^^^^^^^^^^^^^^^^^^^^^^^^^^^^^^^^^^^^^^^^
  File "/home/eduardo/waypoint/venv/lib/python3.12/site-packages/pydantic/_internal/_generate_schema.py", line 921, in _generate_schema_from_get_schema_method
    schema = get_schema(
             ^^^^^^^^^^^
  File "/home/eduardo/waypoint/venv/lib/python3.12/site-packages/pydantic/networks.py", line 1006, in __get_pydantic_core_schema__
    import_email_validator()
  File "/home/eduardo/waypoint/venv/lib/python3.12/site-packages/pydantic/networks.py", line 968, in import_email_validator
    raise ImportError("email-validator is not installed, run `pip install 'pydantic[email]'`") from e
ImportError: email-validator is not installed, run `pip install 'pydantic[email]'`
INFO:     Started server process [173449]
INFO:     Waiting for application startup.
INFO:     Application startup complete.
INFO:     Uvicorn running on http://127.0.0.1:8000 (Press CTRL+C to quit)
INFO:     127.0.0.1:57078 - "GET /health HTTP/1.1" 200 OK
INFO:     127.0.0.1:57094 - "GET /api/auth/me HTTP/1.1" 401 Unauthorized
INFO:     127.0.0.1:57106 - "GET /api/trips/ HTTP/1.1" 401 Unauthorized
INFO:     Shutting down
INFO:     Waiting for application shutdown.
INFO:     Application shutdown complete.
INFO:     Finished server process [173449]
INFO:     Started server process [173569]
INFO:     Waiting for application startup.
INFO:     Application startup complete.
INFO:     Uvicorn running on http://127.0.0.1:8000 (Press CTRL+C to quit)
INFO:     Shutting down
INFO:     Waiting for application shutdown.
INFO:     Application shutdown complete.
INFO:     Finished server process [173569]
INFO:     Started server process [173844]
INFO:     Waiting for application startup.
INFO:     Application startup complete.
INFO:     Uvicorn running on http://127.0.0.1:8000 (Press CTRL+C to quit)
INFO:     127.0.0.1:36202 - "GET /health HTTP/1.1" 200 OK
INFO:     127.0.0.1:36218 - "GET /api/auth/me HTTP/1.1" 401 Unauthorized
INFO:     Shutting down
INFO:     Waiting for application shutdown.
INFO:     Application shutdown complete.
INFO:     Finished server process [173844]
INFO:     Started server process [173956]
INFO:     Waiting for application startup.
INFO:     Application startup complete.
INFO:     Uvicorn running on http://127.0.0.1:8000 (Press CTRL+C to quit)
INFO:     127.0.0.1:50350 - "GET /api/auth/me HTTP/1.0" 401 Unauthorized
INFO:     Shutting down
INFO:     Waiting for application shutdown.
INFO:     Application shutdown complete.
INFO:     Finished server process [173956]
